movietestlibrary/proguard-rules.pro
# Add project specific ProGuard rules here.
# You can control the set of applied configuration files using the
# proguardFiles setting in build.gradle.
#
# For more details, see
#   http://developer.android.com/guide/developing/tools/proguard.html

# If your project uses WebView with JS, uncomment the following
# and specify the fully qualified class name to the JavaScript interface
# class:
#-keepclassmembers class fqcn.of.javascript.interface.for.webview {
#   public *;
#}

# Uncomment this to preserve the line number information for
# debugging stack traces.
-dontwarn androidx.databinding.**
-keep class androidx.databinding.** { *; }
-keep class com.madfooatcom.movietestlibrary.MovieInitializer { *; }
-keep class * extends an*droidx.databinding.DataBinderMapper { *; }
-keep class * extends androidx.databinding.ViewDataBinding { *; }