movietestlibrary/build/intermediates/aapt_proguard_file/release/aapt_rules.txt
# Generated by the gradle plugin
-keep class androidx.cardview.widget.CardView { <init>(...); }
-keep class androidx.cardview.widget.CardView { <init>(...); }
-keep class androidx.cardview.widget.CardView { <init>(...); }
-keep class androidx.cardview.widget.CardView { <init>(...); }
-keep class androidx.cardview.widget.CardView { <init>(...); }
-keep class androidx.cardview.widget.CardView { <init>(...); }
-keep class androidx.cardview.widget.CardView { <init>(...); }
-keep class androidx.cardview.widget.CardView { <init>(...); }
-keep class androidx.cardview.widget.CardView { <init>(...); }
-keep class androidx.cardview.widget.CardView { <init>(...); }
-keep class androidx.cardview.widget.CardView { <init>(...); }
-keep class androidx.cardview.widget.CardView { <init>(...); }
-keep class androidx.coordinatorlayout.widget.CoordinatorLayout { <init>(...); }
-keep class androidx.coordinatorlayout.widget.CoordinatorLayout { <init>(...); }
-keep class androidx.coordinatorlayout.widget.CoordinatorLayout { <init>(...); }
-keep class androidx.coordinatorlayout.widget.CoordinatorLayout { <init>(...); }
-keep class androidx.core.widget.NestedScrollView { <init>(...); }
-keep class androidx.core.widget.NestedScrollView { <init>(...); }
-keep class androidx.core.widget.NestedScrollView { <init>(...); }
-keep class androidx.core.widget.NestedScrollView { <init>(...); }
-keep class androidx.core.widget.NestedScrollView { <init>(...); }
-keep class androidx.core.widget.NestedScrollView { <init>(...); }
-keep class androidx.recyclerview.widget.RecyclerView { <init>(...); }
-keep class androidx.recyclerview.widget.RecyclerView { <init>(...); }
-keep class androidx.recyclerview.widget.RecyclerView { <init>(...); }
-keep class androidx.recyclerview.widget.RecyclerView { <init>(...); }
-keep class androidx.viewpager.widget.ViewPager { <init>(...); }
-keep class com.github.florent37.shapeofview.shapes.DiagonalView { <init>(...); }
-keep class com.github.florent37.shapeofview.shapes.DiagonalView { <init>(...); }
-keep class com.github.florent37.shapeofview.shapes.DiagonalView { <init>(...); }
-keep class com.google.android.material.bottomnavigation.BottomNavigationView { <init>(...); }
-keep class com.google.android.material.floatingactionbutton.FloatingActionButton { <init>(...); }
-keep class com.google.android.material.floatingactionbutton.FloatingActionButton { <init>(...); }
-keep class com.google.android.material.tabs.TabItem { <init>(...); }
-keep class com.google.android.material.tabs.TabItem { <init>(...); }
-keep class com.google.android.material.tabs.TabLayout { <init>(...); }
-keep class com.madfooatcom.movietestlibrary.ui.MovieMainActivity { <init>(...); }
-keep class com.madfooatcom.movietestlibrary.ui.feature.detailmovie.DetailMovieActivity { <init>(...); }
-keep class com.madfooatcom.movietestlibrary.ui.feature.detailtvshow.DetailTVShowActivity { <init>(...); }
-keep class io.supercharge.shimmerlayout.ShimmerLayout { <init>(...); }
-keep class io.supercharge.shimmerlayout.ShimmerLayout { <init>(...); }
-keep class io.supercharge.shimmerlayout.ShimmerLayout { <init>(...); }
-keep class io.supercharge.shimmerlayout.ShimmerLayout { <init>(...); }
-keep class io.supercharge.shimmerlayout.ShimmerLayout { <init>(...); }
-keep class io.supercharge.shimmerlayout.ShimmerLayout { <init>(...); }