movietestlibrary/build/outputs/mapping/release/seeds.txt
com.madfooatcom.movietestlibrary.R$styleable: int Badge_backgroundColor
com.madfooatcom.movietestlibrary.databinding.ItemMoviesBinding: com.madfooatcom.movietestlibrary.databinding.ItemMoviesBinding bind(android.view.View,java.lang.Object)
com.madfooatcom.movietestlibrary.R$styleable: int AppCompatTextView_autoSizeMinTextSize
com.madfooatcom.movietestlibrary.R$attr: int itemShapeInsetEnd
com.madfooatcom.movietestlibrary.R$styleable: int AppCompatTheme_colorPrimary
com.madfooatcom.movietestlibrary.R$styleable: int FontFamilyFont_fontWeight
com.madfooatcom.movietestlibrary.R$attr: int colorOnSecondary
com.madfooatcom.movietestlibrary.databinding.FragmentTvShowFavoriteBindingImpl: void setAdapter(com.madfooatcom.movietestlibrary.ui.adapter.TvShowFavoriteAdapter)
com.madfooatcom.movietestlibrary.R$style: int ShapeAppearanceOverlay_MaterialComponents_MaterialCalendar_Window_Fullscreen
com.madfooatcom.movietestlibrary.R$color: int mtrl_btn_text_btn_ripple_color
com.madfooatcom.movietestlibrary.R$attr: int submitBackground
com.madfooatcom.movietestlibrary.R$id: int labeled
com.madfooatcom.movietestlibrary.R$attr: int isMaterialTheme
com.madfooatcom.movietestlibrary.R$styleable: int RoundRectView_shape_roundRect_topRightRadius
com.madfooatcom.movietestlibrary.R$attr: int shape_edge_position
com.madfooatcom.movietestlibrary.R$color: int button_material_light
com.madfooatcom.movietestlibrary.databinding.FragmentTvshowBindingImpl: FragmentTvshowBindingImpl(androidx.databinding.DataBindingComponent,android.view.View,java.lang.Object[])
com.madfooatcom.movietestlibrary.R$color: int mtrl_extended_fab_ripple_color
com.madfooatcom.movietestlibrary.R$attr: int switchTextAppearance
com.madfooatcom.movietestlibrary.R$color: int design_fab_stroke_top_inner_color
com.madfooatcom.movietestlibrary.R$layout: int fragment_movie
com.madfooatcom.movietestlibrary.R$id: int accessibility_custom_action_24
com.madfooatcom.movietestlibrary.R$dimen: int abc_disabled_alpha_material_dark
com.madfooatcom.movietestlibrary.R$style: int Widget_MaterialComponents_BottomNavigationView
com.madfooatcom.movietestlibrary.R$attr: int maxActionInlineWidth
com.madfooatcom.movietestlibrary.R$styleable: int ConstraintSet_android_layout_marginBottom
com.madfooatcom.movietestlibrary.R$styleable: int GradientColor_android_endX
com.madfooatcom.movietestlibrary.R$drawable: int abc_item_background_holo_dark
com.madfooatcom.movietestlibrary.R$style: int Base_Theme_MaterialComponents_Dialog_Alert
com.madfooatcom.movietestlibrary.R$id: int layoutDataDetailTvShow
com.madfooatcom.movietestlibrary.R$dimen: int abc_action_bar_default_padding_end_material
com.madfooatcom.movietestlibrary.R$color: int dim_foreground_disabled_material_light
com.madfooatcom.movietestlibrary.R$attr: int itemIconSize
com.madfooatcom.movietestlibrary.R$attr: int layout_constrainedWidth
com.madfooatcom.movietestlibrary.R$style: int Widget_MaterialComponents_MaterialCalendar_Day_Selected
com.madfooatcom.movietestlibrary.R$color: int mtrl_tabs_colored_ripple_color
com.madfooatcom.movietestlibrary.R$dimen: int material_text_view_test_line_height
com.madfooatcom.movietestlibrary.R$attr: int startIconContentDescription
com.madfooatcom.movietestlibrary.R$style: int Widget_MaterialComponents_Toolbar_PrimarySurface
com.madfooatcom.movietestlibrary.R$layout: int item_shimmer
com.madfooatcom.movietestlibrary.databinding.ActivityDetailMovieBinding: void setTvGenres(java.lang.String)
com.madfooatcom.movietestlibrary.R$styleable: int ConstraintSet_layout_constraintBaseline_toBaselineOf
com.madfooatcom.movietestlibrary.R$attr: int textStartPadding
com.madfooatcom.movietestlibrary.R$styleable: int ConstraintSet_android_layout_marginStart
com.madfooatcom.movietestlibrary.R$id: int default_activity_button
com.madfooatcom.movietestlibrary.databinding.ItemFavoriteTvShowBindingImpl: ItemFavoriteTvShowBindingImpl(androidx.databinding.DataBindingComponent,android.view.View,java.lang.Object[])
...
androidx.databinding.library.baseAdapters.BR: int imageBackdropTV
androidx.databinding.library.baseAdapters.BR: int ratingMovie
androidx.databinding.library.baseAdapters.BR
androidx.databinding.library.baseAdapters.BR: int tvGenres
androidx.databinding.DataBindingComponent
androidx.databinding.library.baseAdapters.BR: int imagePosterMovie
androidx.databinding.library.baseAdapters.BR: int movie
androidx.databinding.library.baseAdapters.BR: int adapter
androidx.databinding.library.baseAdapters.BR: int image
androidx.databinding.library.baseAdapters.BR: int sdf
androidx.databinding.library.baseAdapters.BR: int _all
androidx.databinding.library.baseAdapters.BR: int imageBackdropMovie
androidx.databinding.library.baseAdapters.BR: int handler
androidx.databinding.library.baseAdapters.BR: int tvRuntime
androidx.databinding.library.baseAdapters.BR: int tvDetail
androidx.databinding.library.baseAdapters.BR: int rating
androidx.databinding.library.baseAdapters.BR: int moviesDetail
androidx.databinding.library.baseAdapters.BR: int imageCirclePosterTV
androidx.databinding.library.baseAdapters.BR: BR()
androidx.databinding.library.baseAdapters.BR: int tvShows