movietestlibrary/build/outputs/mapping/release/mapping.txt
# compiler: R8
# compiler_version: 1.6.82
# pg_map_id: 2d3cb54
# common_typos_disable
com.madfooatcom.movietestlibrary.DataBinderMapperImpl$InnerBrLookup -> com.madfooatcom.movietestlibrary.DataBinderMapperImpl$a:
    android.util.SparseArray sKeys -> a
com.madfooatcom.movietestlibrary.DataBinderMapperImpl$InnerLayoutIdLookup -> com.madfooatcom.movietestlibrary.DataBinderMapperImpl$b:
    java.util.HashMap sKeys -> a
com.madfooatcom.movietestlibrary.MovieInitializer$init$1 -> com.madfooatcom.movietestlibrary.MovieInitializer$a:
    android.content.Context $context -> a
    1:1:void invoke(org.koin.core.KoinApplication):0:0 -> invoke
    1:1:java.lang.Object invoke(java.lang.Object):0 -> invoke
    2:2:org.koin.core.module.Module com.madfooatcom.movietestlibrary.di.ModuleKt.getAppModule():0:0 -> invoke
    2:2:void invoke(org.koin.core.KoinApplication):0 -> invoke
    2:2:java.lang.Object invoke(java.lang.Object):0 -> invoke
    3:3:void invoke(org.koin.core.KoinApplication):0:0 -> invoke
    3:3:java.lang.Object invoke(java.lang.Object):0 -> invoke
    4:4:java.lang.Object invoke(java.lang.Object):0:0 -> invoke
com.madfooatcom.movietestlibrary.base.BaseViewModel -> com.madfooatcom.movietestlibrary.base.BaseViewModel:
    io.reactivex.disposables.CompositeDisposable compositeDisposable -> a
com.madfooatcom.movietestlibrary.common.ViewState -> a.a.a.a.a:
    java.lang.Throwable err -> b
    java.lang.Object data -> a
    com.madfooatcom.movietestlibrary.common.ViewState$State currentState -> c
    com.madfooatcom.movietestlibrary.common.ViewState$Companion Companion -> d
    1:1:void com.madfooatcom.movietestlibrary.common.ViewState$Companion.<init>(kotlin.jvm.internal.DefaultConstructorMarker):0:0 -> <clinit>
    1:1:void <clinit>():0 -> <clinit>
    2:2:void <clinit>():0:0 -> <clinit>
com.madfooatcom.movietestlibrary.common.ViewState$Companion -> a.a.a.a.a$a:
    com.madfooatcom.movietestlibrary.common.ViewState error(java.lang.Throwable) -> a
    com.madfooatcom.movietestlibrary.common.ViewState loading() -> a
    com.madfooatcom.movietestlibrary.common.ViewState success(java.lang.Object) -> a
com.madfooatcom.movietestlibrary.common.ViewState$State -> a.a.a.a.a$b:
    com.madfooatcom.movietestlibrary.common.ViewState$State[] $VALUES -> d
    com.madfooatcom.movietestlibrary.common.ViewState$State SUCCESS -> b
    com.madfooatcom.movietestlibrary.common.ViewState$State LOADING -> a
    com.madfooatcom.movietestlibrary.common.ViewState$State FAILED -> c
com.madfooatcom.movietestlibrary.data.local.TMDBdb -> com.madfooatcom.movietestlibrary.data.local.TMDBdb:
    com.madfooatcom.movietestlibrary.data.local.dao.TMDBDao tmdbDao() -> a
com.madfooatcom.movietestlibrary.data.local.TMDBdb_Impl -> com.madfooatcom.movietestlibrary.data.local.TMDBdb_Impl:
    com.madfooatcom.movietestlibrary.data.local.dao.TMDBDao _tMDBDao -> a
    java.util.List access$000(com.madfooatcom.movietestlibrary.data.local.TMDBdb_Impl) -> a
    androidx.sqlite.db.SupportSQLiteDatabase access$602(com.madfooatcom.movietestlibrary.data.local.TMDBdb_Impl,androidx.sqlite.db.SupportSQLiteDatabase) -> a
    com.madfooatcom.movietestlibrary.data.local.dao.TMDBDao tmdbDao() -> a
    java.util.List access$100(com.madfooatcom.movietestlibrary.data.local.TMDBdb_Impl) -> b
    void access$700(com.madfooatcom.movietestlibrary.data.local.TMDBdb_Impl,androidx.sqlite.db.SupportSQLiteDatabase) -> b
    java.util.List access$1000(com.madfooatcom.movietestlibrary.data.local.TMDBdb_Impl) -> c
    java.util.List access$200(com.madfooatcom.movietestlibrary.data.local.TMDBdb_Impl) -> d
    java.util.List access$300(com.madfooatcom.movietestlibrary.data.local.TMDBdb_Impl) -> e
    java.util.List access$400(com.madfooatcom.movietestlibrary.data.local.TMDBdb_Impl) -> f
    java.util.List access$500(com.madfooatcom.movietestlibrary.data.local.TMDBdb_Impl) -> g
    java.util.List access$800(com.madfooatcom.movietestlibrary.data.local.TMDBdb_Impl) -> h
    java.util.List access$900(com.madfooatcom.movietestlibrary.data.local.TMDBdb_Impl) -> i