movietestlibrary/build/outputs/mapping/release/usage.txt
com.madfooatcom.movietestlibrary.data.remote.response.movie.detail.SpokenLanguagesItem
com.madfooatcom.movietestlibrary.domain.SchedulerProviders$Companion:
    public static synthetic void DEFAULT$annotations()
    public static synthetic void TEST_SCHEDULER$annotations()
    public final com.madfooatcom.movietestlibrary.domain.SchedulerProviders getTEST_SCHEDULER()
com.madfooatcom.movietestlibrary.utils.LocalData$typeTvShow$1
com.madfooatcom.movietestlibrary.domain.SchedulerProviders:
    public static com.madfooatcom.movietestlibrary.domain.SchedulerProviders getDEFAULT()
    public static com.madfooatcom.movietestlibrary.domain.SchedulerProviders getTEST_SCHEDULER()
com.madfooatcom.movietestlibrary.utils.EkstentionsKt:
    public static final java.lang.String getNewSDF
    public static final java.lang.String getOldSdf
com.madfooatcom.movietestlibrary.data.local.entity.MovieEntity:
    public synthetic void <init>(java.lang.String,java.lang.String,java.lang.String,java.lang.Boolean,java.lang.String,java.util.List,java.lang.String,java.lang.String,java.lang.String,java.lang.Double,java.lang.Float,java.lang.Long,java.lang.Boolean,java.lang.Long,int,kotlin.jvm.internal.DefaultConstructorMarker)
    public static synthetic com.madfooatcom.movietestlibrary.data.local.entity.MovieEntity copy$default(com.madfooatcom.movietestlibrary.data.local.entity.MovieEntity,java.lang.String,java.lang.String,java.lang.String,java.lang.Boolean,java.lang.String,java.util.List,java.lang.String,java.lang.String,java.lang.String,java.lang.Double,java.lang.Float,java.lang.Long,java.lang.Boolean,java.lang.Long,int,java.lang.Object)
    public final java.lang.String component1()
    public final java.lang.String component2()
    public final java.lang.String component3()
    public final java.lang.Boolean component4()
    public final java.lang.String component5()
    public final java.util.List component6()
    public final java.lang.String component7()
    public final java.lang.String component8()
    public final java.lang.String component9()
    public final java.lang.Double component10()
    public final java.lang.Float component11()
    public final java.lang.Long component12()
    public final java.lang.Boolean component13()
    public final java.lang.Long component14()
com.madfooatcom.movietestlibrary.BR:
    public void <init>()
com.madfooatcom.movietestlibrary.ui.adapter.MovieAdapter$ViewHolder:
    public final com.madfooatcom.movietestlibrary.databinding.ItemMoviesBinding getDataBinding()
    public final void setDataBinding(com.madfooatcom.movietestlibrary.databinding.ItemMoviesBinding)
com.madfooatcom.movietestlibrary.domain.LocalDataSource
com.madfooatcom.movietestlibrary.ui.adapter.TvShowAdapter$ViewHolder:
    public final com.madfooatcom.movietestlibrary.databinding.ItemTvshowBinding getBinding()
    public final void setBinding(com.madfooatcom.movietestlibrary.databinding.ItemTvshowBinding)
com.madfooatcom.movietestlibrary.utils.LocalData$typeTvShowDetail$1
com.madfooatcom.movietestlibrary.domain.MovieRepository
com.madfooatcom.movietestlibrary.utils.GenresConverter:
    public void <init>()
...
androidx.databinding.library.baseAdapters.BR:
    public static void <clinit>()